<?xml version="1.0" encoding="UTF-8"?>
<!-- Generated by org.testng.reporters.JUnitXMLReporter -->
<testsuite ignored="0" hostname="GEMGN-220367" failures="1" tests="3" name="Test" time="20.989" errors="0" timestamp="2025-02-06T16:05:36 IST">
  <testcase classname="api.payload.tata.PayloadView" name="quoteCompose" time="13.696"/>
  <testcase classname="api.payload.tata.proposalCompose.ProposalPayloadView" name="proposalCompose" time="5.214"/>
  <testcase classname="api.payload.tata.payment.PaymentApi" name="paymentFlow" time="1.682">
    <failure type="java.lang.AssertionError" message="expected:&amp;lt;-102&amp;gt; but was:&amp;lt;200&amp;gt;">
      <![CDATA[java.lang.AssertionError: expected:<-102> but was:<200>
at org.junit.Assert.fail(Assert.java:93)
at org.junit.Assert.failNotEquals(Assert.java:647)
at org.junit.Assert.assertEquals(Assert.java:128)
at org.junit.Assert.assertEquals(Assert.java:147)
at api.payload.tata.payment.PaymentApi.paymentFlow(PaymentApi.java:43)
at java.base/java.util.ArrayList.forEach(ArrayList.java:1511)
... Removed 27 stack frames]]>
    </failure>
  </testcase> <!-- paymentFlow -->
</testsuite> <!-- Test -->
